private static Void Main(String[] args)
private static Void GreetingUserName()
private static Void SimulateRocketLanding()
private static Void CalculateRowSums()
private static Void CalculateTemperatureStats()
private static Int32 GetValidDaysInput()
private static ValueTuple`2 GenerateWeatherData(Int32 days)
private static Void RunQuiz()
private static Void CreateLogFile()
private static Void Main(String[] args)
private static Void GreetingUserName()
private static Void SimulateRocketLanding()
private static Void CalculateRowSums()
private static Void CalculateTemperatureStats()
private static Int32 GetValidDaysInput()
private static ValueTuple`2 GenerateWeatherData(Int32 days)
private static Void RunQuiz()
private static Void CreateLogFile()
private static Void PrintAreas()
private static Void BubbleSortPerson()
private static Void DisplaySorted(String title, Person[] people)
private static Void Main(String[] args)
private static Void GreetingUserName()
private static Void SimulateRocketLanding()
private static Void CalculateRowSums()
private static Void CalculateTemperatureStats()
private static Int32 GetValidDaysInput()
private static ValueTuple`2 GenerateWeatherData(Int32 days)
private static Void RunQuiz()
private static Void CreateLogFile()
private static Void PrintAreas()
private static Void BubbleSortPerson()
private static Void DisplaySorted(String title, Person[] people)
private static Void Main(String[] args)
private static Void GreetingUserName()
private static Void SimulateRocketLanding()
private static Void CalculateRowSums()
private static Void CalculateTemperatureStats()
private static Int32 GetValidDaysInput()
private static ValueTuple`2 GenerateWeatherData(Int32 days)
private static Void RunQuiz()
private static Void CreateLogFile()
private static Void PrintAreas()
private static Void BubbleSortPerson()
private static Void DisplaySorted(String title, Person[] persons)
private static Void MonitorTemperature()
private static Void MonitorStockPrice()
private static Double GetTemperatureInput()
private static Void Main(String[] args)
private static Void GreetingUserName()
private static Void SimulateRocketLanding()
private static Void CalculateRowSums()
private static Void CalculateTemperatureStats()
private static Int32 GetValidDaysInput()
private static ValueTuple`2 GenerateWeatherData(Int32 days)
private static Void RunQuiz()
private static Void CreateLogFile()
private static Void PrintAreas()
private static Void BubbleSortPerson()
private static Void DisplaySorted(String title, Person[] persons)
private static Void MonitorTemperature()
private static Void MonitorStockPrice()
private static Void MonitorHeartRate()
private static Double GetTemperatureInput()
